<?xml version="1.0" encoding="UTF-8" ?> 
<!DOCTYPE mapper
PUBLIC "-//mybatis.org//DTD Mapper 3.0//EN"
"http://mybatis.org/dtd/mybatis-3-mapper.dtd"> 

<!-- <mapper namespace="boardspace">  -->

<!-- 매퍼(1) : 인터페이스(1)  매핑 -->
<mapper namespace="com.barobaro.app.TestVO">
	
</mapper>
